f:\program\git\prasterray\pthesis\x64\debug\vc120.pdb
f:\program\git\prasterray\pthesis\x64\debug\vc120.idb
f:\program\git\prasterray\pthesis\x64\debug\debugrenderer.obj
f:\program\git\prasterray\pthesis\x64\debug\perftracker.obj
f:\program\git\prasterray\pthesis\x64\debug\svo_loader.obj
f:\program\git\prasterray\pthesis\x64\debug\voxelapp.obj
f:\program\git\prasterray\pthesis\x64\debug\core.obj
f:\program\git\prasterray\pthesis\x64\debug\dxdriver.obj
f:\program\git\prasterray\pthesis\x64\debug\window.obj
f:\program\git\prasterray\pthesis\x64\debug\timerqpc.obj
f:\program\git\prasterray\pthesis\x64\debug\xmcamera.obj
f:\program\git\prasterray\pthesis\x64\debug\wictextureloader.obj
f:\program\git\prasterray\pthesis\x64\debug\backbufferrender.obj
f:\program\git\prasterray\pthesis\x64\debug\buffer.obj
f:\program\git\prasterray\pthesis\x64\debug\culling.obj
f:\program\git\prasterray\pthesis\x64\debug\rasterizer.obj
f:\program\git\prasterray\pthesis\x64\debug\raycaster.obj
f:\program\git\prasterray\pthesis\x64\debug\raytracer.obj
f:\program\git\prasterray\pthesis\x64\debug\rendertarget.obj
f:\program\git\prasterray\pthesis\x64\debug\render_create.obj
f:\program\git\prasterray\pthesis\x64\debug\shader.obj
f:\program\git\prasterray\pthesis\x64\debug\source.obj
f:\program\git\prasterray\pthesis\x64\debug\finaloutputps.cso
f:\program\git\prasterray\pthesis\x64\debug\finaloutputvs.cso
f:\program\git\prasterray\pthesis\x64\debug\pixeldebug.cso
f:\program\git\prasterray\pthesis\x64\debug\rasternodegs.cso
f:\program\git\prasterray\pthesis\x64\debug\rasternodeps.cso
f:\program\git\prasterray\pthesis\x64\debug\rasternodevs.cso
f:\program\git\prasterray\pthesis\x64\debug\vertexdebug.cso
f:\program\git\prasterray\pthesis\x64\debug\rcsinglepassvoxel.cso
f:\program\git\prasterray\pthesis\x64\debug\pthesis.ilk
f:\program\git\prasterray\pthesis\x64\debug\pthesis.exe
f:\program\git\prasterray\pthesis\x64\debug\pthesis.pdb
f:\program\git\prasterray\pthesis\x64\debug\app.cso
f:\program\git\prasterray\pthesis\x64\debug\pthesis.tlog\cl.command.1.tlog
f:\program\git\prasterray\pthesis\x64\debug\pthesis.tlog\cl.read.1.tlog
f:\program\git\prasterray\pthesis\x64\debug\pthesis.tlog\cl.write.1.tlog
f:\program\git\prasterray\pthesis\x64\debug\pthesis.tlog\fxc.command.1.tlog
f:\program\git\prasterray\pthesis\x64\debug\pthesis.tlog\fxc.read.1.tlog
f:\program\git\prasterray\pthesis\x64\debug\pthesis.tlog\fxc.write.1.tlog
f:\program\git\prasterray\pthesis\x64\debug\pthesis.tlog\link.command.1.tlog
f:\program\git\prasterray\pthesis\x64\debug\pthesis.tlog\link.read.1.tlog
f:\program\git\prasterray\pthesis\x64\debug\pthesis.tlog\link.write.1.tlog
f:\program\git\prasterray\pthesis\x64\debug\pthesis.tlog\pthesis.write.1u.tlog
