d:\programmering\c++\gamelib\pthesis\debug\vc120.pdb
d:\programmering\c++\gamelib\pthesis\debug\vc120.idb
d:\programmering\c++\gamelib\pthesis\debug\debugrenderer.obj
d:\programmering\c++\gamelib\pthesis\debug\svo_loader.obj
d:\programmering\c++\gamelib\pthesis\debug\voxelapp.obj
d:\programmering\c++\gamelib\pthesis\debug\core.obj
d:\programmering\c++\gamelib\pthesis\debug\dxdriver.obj
d:\programmering\c++\gamelib\pthesis\debug\window.obj
d:\programmering\c++\gamelib\pthesis\debug\timerqpc.obj
d:\programmering\c++\gamelib\pthesis\debug\xmcamera.obj
d:\programmering\c++\gamelib\pthesis\debug\wictextureloader.obj
d:\programmering\c++\gamelib\pthesis\debug\buffer.obj
d:\programmering\c++\gamelib\pthesis\debug\culling.obj
d:\programmering\c++\gamelib\pthesis\debug\overlay.obj
d:\programmering\c++\gamelib\pthesis\debug\rasterizer.obj
d:\programmering\c++\gamelib\pthesis\debug\raycaster.obj
d:\programmering\c++\gamelib\pthesis\debug\raytracer.obj
d:\programmering\c++\gamelib\pthesis\debug\render_create.obj
d:\programmering\c++\gamelib\pthesis\debug\shader.obj
d:\programmering\c++\gamelib\pthesis\debug\source.obj
d:\programmering\c++\gamelib\pthesis\debug\gtest.cso
d:\programmering\c++\gamelib\pthesis\debug\pixeldebug.cso
d:\programmering\c++\gamelib\pthesis\debug\rasternodegs.cso
d:\programmering\c++\gamelib\pthesis\debug\rasternodeps.cso
d:\programmering\c++\gamelib\pthesis\debug\rasternodevs.cso
d:\programmering\c++\gamelib\pthesis\debug\raycastmc.cso
d:\programmering\c++\gamelib\pthesis\debug\rcsinglepass.cso
d:\programmering\c++\gamelib\pthesis\debug\rcvoxelsps.cso
d:\programmering\c++\gamelib\pthesis\debug\rcvoxelsvs.cso
d:\programmering\c++\gamelib\pthesis\debug\vertexdebug.cso
d:\programmering\c++\gamelib\pthesis\debug\pthesis.ilk
d:\programmering\c++\gamelib\pthesis\debug\pthesis.exe
d:\programmering\c++\gamelib\pthesis\debug\pthesis.pdb
d:\programmering\c++\gamelib\pthesis\debug\app.cso
d:\programmering\c++\gamelib\pthesis\debug\pthesis.tlog\cl.command.1.tlog
d:\programmering\c++\gamelib\pthesis\debug\pthesis.tlog\cl.read.1.tlog
d:\programmering\c++\gamelib\pthesis\debug\pthesis.tlog\cl.write.1.tlog
d:\programmering\c++\gamelib\pthesis\debug\pthesis.tlog\fxc.command.1.tlog
d:\programmering\c++\gamelib\pthesis\debug\pthesis.tlog\fxc.read.1.tlog
d:\programmering\c++\gamelib\pthesis\debug\pthesis.tlog\fxc.write.1.tlog
d:\programmering\c++\gamelib\pthesis\debug\pthesis.tlog\link.command.1.tlog
d:\programmering\c++\gamelib\pthesis\debug\pthesis.tlog\link.read.1.tlog
d:\programmering\c++\gamelib\pthesis\debug\pthesis.tlog\link.write.1.tlog
d:\programmering\c++\gamelib\pthesis\debug\pthesis.tlog\pthesis.write.1u.tlog
