d:\programmering\c++\gamelib\pthesis\x64\release\vc120.pdb
d:\programmering\c++\gamelib\pthesis\x64\release\source.obj
d:\programmering\c++\gamelib\pthesis\x64\release\shader.obj
d:\programmering\c++\gamelib\pthesis\x64\release\render_create.obj
d:\programmering\c++\gamelib\pthesis\x64\release\rendertarget.obj
d:\programmering\c++\gamelib\pthesis\x64\release\raytracer.obj
d:\programmering\c++\gamelib\pthesis\x64\release\raycaster.obj
d:\programmering\c++\gamelib\pthesis\x64\release\rasterizer.obj
d:\programmering\c++\gamelib\pthesis\x64\release\culling.obj
d:\programmering\c++\gamelib\pthesis\x64\release\buffer.obj
d:\programmering\c++\gamelib\pthesis\x64\release\backbufferrender.obj
d:\programmering\c++\gamelib\pthesis\x64\release\wictextureloader.obj
d:\programmering\c++\gamelib\pthesis\x64\release\xmcamera.obj
d:\programmering\c++\gamelib\pthesis\x64\release\timerqpc.obj
d:\programmering\c++\gamelib\pthesis\x64\release\window.obj
d:\programmering\c++\gamelib\pthesis\x64\release\dxdriver.obj
d:\programmering\c++\gamelib\pthesis\x64\release\core.obj
d:\programmering\c++\gamelib\pthesis\x64\release\voxelapp.obj
d:\programmering\c++\gamelib\pthesis\x64\release\svo_loader.obj
d:\programmering\c++\gamelib\pthesis\x64\release\debugrenderer.obj
f:\program\git\prasterray\pthesis\x64\release\vc120.pdb
f:\program\git\prasterray\pthesis\x64\release\source.obj
f:\program\git\prasterray\pthesis\x64\release\shader.obj
f:\program\git\prasterray\pthesis\x64\release\render_create.obj
f:\program\git\prasterray\pthesis\x64\release\rendertarget.obj
f:\program\git\prasterray\pthesis\x64\release\raytracer.obj
f:\program\git\prasterray\pthesis\x64\release\raycaster.obj
f:\program\git\prasterray\pthesis\x64\release\rasterizer.obj
f:\program\git\prasterray\pthesis\x64\release\culling.obj
f:\program\git\prasterray\pthesis\x64\release\buffer.obj
f:\program\git\prasterray\pthesis\x64\release\backbufferrender.obj
f:\program\git\prasterray\pthesis\x64\release\wictextureloader.obj
f:\program\git\prasterray\pthesis\x64\release\xmcamera.obj
f:\program\git\prasterray\pthesis\x64\release\timerqpc.obj
f:\program\git\prasterray\pthesis\x64\release\window.obj
f:\program\git\prasterray\pthesis\x64\release\dxdriver.obj
f:\program\git\prasterray\pthesis\x64\release\core.obj
f:\program\git\prasterray\pthesis\x64\release\voxelapp.obj
f:\program\git\prasterray\pthesis\x64\release\svo_loader.obj
f:\program\git\prasterray\pthesis\x64\release\debugrenderer.obj
f:\program\git\prasterray\pthesis\x64\release\perftracker.obj
f:\program\git\prasterray\pthesis\x64\release\raycastemulate.obj
d:\programmering\c++\gamelib\pthesis\x64\release\finaloutputps.cso
d:\programmering\c++\gamelib\pthesis\x64\release\finaloutputvs.cso
d:\programmering\c++\gamelib\pthesis\x64\release\rcsinglepassvoxel.cso
d:\programmering\c++\gamelib\pthesis\x64\release\pixeldebug.cso
d:\programmering\c++\gamelib\pthesis\x64\release\rasternodegs.cso
d:\programmering\c++\gamelib\pthesis\x64\release\rasternodeps.cso
d:\programmering\c++\gamelib\pthesis\x64\release\rasternodevs.cso
d:\programmering\c++\gamelib\pthesis\x64\release\vertexdebug.cso
f:\program\git\prasterray\pthesis\x64\release\finaloutputvs.cso
f:\program\git\prasterray\pthesis\x64\release\finaloutputps.cso
f:\program\git\prasterray\pthesis\x64\release\pixeldebug.cso
f:\program\git\prasterray\pthesis\x64\release\rasternodegs.cso
f:\program\git\prasterray\pthesis\x64\release\rasternodeps.cso
f:\program\git\prasterray\pthesis\x64\release\rasternodevs.cso
f:\program\git\prasterray\pthesis\x64\release\vertexdebug.cso
f:\program\git\prasterray\pthesis\x64\release\rcsinglepassvoxel.cso
d:\programmering\c++\gamelib\pthesis\x64\release\pthesis.exe
d:\programmering\c++\gamelib\pthesis\x64\release\pthesis.pdb
f:\program\git\prasterray\pthesis\x64\release\pthesis.exe
f:\program\git\prasterray\pthesis\x64\release\pthesis.pdb
f:\program\git\prasterray\pthesis\x64\release\app.cso
f:\program\git\prasterray\pthesis\x64\release\overlay.obj
f:\program\git\prasterray\pthesis\x64\release\pthesis.tlog\cl.command.1.tlog
f:\program\git\prasterray\pthesis\x64\release\pthesis.tlog\cl.read.1.tlog
f:\program\git\prasterray\pthesis\x64\release\pthesis.tlog\cl.write.1.tlog
f:\program\git\prasterray\pthesis\x64\release\pthesis.tlog\fxc.command.1.tlog
f:\program\git\prasterray\pthesis\x64\release\pthesis.tlog\fxc.read.1.tlog
f:\program\git\prasterray\pthesis\x64\release\pthesis.tlog\fxc.write.1.tlog
f:\program\git\prasterray\pthesis\x64\release\pthesis.tlog\link.command.1.tlog
f:\program\git\prasterray\pthesis\x64\release\pthesis.tlog\link.read.1.tlog
f:\program\git\prasterray\pthesis\x64\release\pthesis.tlog\link.write.1.tlog
f:\program\git\prasterray\pthesis\x64\release\pthesis.tlog\pthesis.write.1u.tlog
